<?xml version="1.0" encoding="UTF-8"?>
<!-- Generated by org.testng.reporters.JUnitReportReporter -->
<testsuite hostname="LAPTOP-P8997V13" failures="0" tests="3" name="typesofpostrequest.postRequestWithHashMap" time="3.949" errors="0" timestamp="2025-08-22T18:14:53 IST" skipped="0">
  <testcase classname="typesofpostrequest.postRequestWithHashMap" name="deleteRequest" time="0.069"/>
  <testcase classname="typesofpostrequest.postRequestWithHashMap" name="hasmap" time="3.569"/>
  <testcase classname="typesofpostrequest.postRequestWithHashMap" name="createRequest" time="0.311"/>
</testsuite> <!-- typesofpostrequest.postRequestWithHashMap -->
