<?xml version="1.0" encoding="UTF-8"?>
<!-- Generated by org.testng.reporters.JUnitReportReporter -->
<testsuite hostname="LAPTOP-P8997V13" failures="0" tests="4" name="democalls.HTTPrequest" time="6.690" errors="0" timestamp="2025-03-15T00:41:06 IST" skipped="0">
  <testcase classname="democalls.HTTPrequest" name="deleteuser" time="0.581"/>
  <testcase classname="democalls.HTTPrequest" name="getusers" time="4.164"/>
  <testcase classname="democalls.HTTPrequest" name="postuser" time="1.299"/>
  <testcase classname="democalls.HTTPrequest" name="updateuser" time="0.646"/>
</testsuite> <!-- democalls.HTTPrequest -->
