<?xml version="1.0" encoding="UTF-8"?>
<!-- Generated by org.testng.reporters.JUnitReportReporter -->
<testsuite hostname="LAPTOP-P8997V13" failures="0" tests="2" name="HttpMethods.Requests" time="4.296" errors="0" timestamp="2025-08-21T16:46:26 IST" skipped="0">
  <testcase classname="HttpMethods.Requests" name="createRequest" time="3.397"/>
  <testcase classname="HttpMethods.Requests" name="updateRequest" time="0.899"/>
</testsuite> <!-- HttpMethods.Requests -->
