<?xml version="1.0" encoding="UTF-8"?>
<!-- Generated by org.testng.reporters.JUnitReportReporter -->
<testsuite hostname="LAPTOP-P8997V13" failures="0" tests="2" name="democalls.restassured" time="2.821" errors="0" timestamp="2024-11-14T10:47:23 IST" skipped="0">
  <testcase classname="democalls.restassured" name="test2" time="0.211"/>
  <testcase classname="democalls.restassured" name="responseapi" time="2.610"/>
</testsuite> <!-- democalls.restassured -->
