<?xml version="1.0" encoding="UTF-8"?>
<!-- Generated by org.testng.reporters.JUnitReportReporter -->
<testsuite hostname="LAPTOP-P8997V13" failures="0" tests="4" name="democalls.employes" time="2.813" errors="0" timestamp="2024-10-30T10:21:04 IST" skipped="0">
  <testcase classname="democalls.employes" name="getusers" time="1.494"/>
  <testcase classname="democalls.employes" name="emplys" time="1.057"/>
  <testcase classname="democalls.employes" name="postWithJsonObject" time="0.091"/>
  <testcase classname="democalls.employes" name="validation" time="0.171"/>
</testsuite> <!-- democalls.employes -->
