<?xml version="1.0" encoding="UTF-8"?>
<!-- Generated by org.testng.reporters.JUnitReportReporter -->
<testsuite hostname="LAPTOP-P8997V13" failures="0" tests="4" name="democalls.HTTPrequest" time="4.848" errors="0" timestamp="2024-10-29T08:58:07 IST" skipped="0">
  <testcase classname="democalls.HTTPrequest" name="deleteuser" time="0.524"/>
  <testcase classname="democalls.HTTPrequest" name="getusers" time="2.914"/>
  <testcase classname="democalls.HTTPrequest" name="postuser" time="0.956"/>
  <testcase classname="democalls.HTTPrequest" name="updateuser" time="0.454"/>
</testsuite> <!-- democalls.HTTPrequest -->
