<?xml version="1.0" encoding="UTF-8"?>
<!-- Generated by org.testng.reporters.JUnitReportReporter -->
<testsuite hostname="LAPTOP-P8997V13" failures="0" tests="1" name="typesofpostrequest.employes" time="3.903" errors="0" timestamp="2024-10-30T11:03:01 IST" skipped="0">
  <testcase classname="typesofpostrequest.employes" name="validation" time="3.903"/>
</testsuite> <!-- typesofpostrequest.employes -->
