<?xml version="1.0" encoding="UTF-8"?>
<!-- Generated by org.testng.reporters.JUnitReportReporter -->
<testsuite hostname="LAPTOP-P8997V13" failures="0" tests="4" name="democalls.students" time="3.237" errors="0" timestamp="2024-10-29T09:41:15 IST" skipped="0">
  <testcase classname="democalls.students" name="deleteuser" time="0.662"/>
  <testcase classname="democalls.students" name="getusers" time="1.502"/>
  <testcase classname="democalls.students" name="postuser" time="1.020"/>
  <testcase classname="democalls.students" name="updateuser" time="0.053"/>
</testsuite> <!-- democalls.students -->
